
  .----------------------------------------------.
  |  刘颖 x 胡鸣曦    恋 爱 日 记              |
  |                                            |
  |  http://www.hmxlovely.com:3000/   (hosts)  |
  |  http://localhost:3000/   (loc)       |
  |  http://10.200.31.95:3000/                |
  |  http://10.200.151.180:3000/              |
  |                                            |
  |  手机: 同WiFi打开 局域网 地址              |
  |  域名: hosts设置后打开 http://www.hmxlovely.com:3000  |
  .----------------------------------------------.

file:///C:/Users/hmx/Desktop/%E5%88%98%E9%A2%96/sweet-memories/server.js:48
  if (url === "/import") {
  ^

ReferenceError: Cannot access 'url' before initialization
    at Server.<anonymous> (file:///C:/Users/hmx/Desktop/%E5%88%98%E9%A2%96/sweet-memories/server.js:48:3)
    at Server.emit (node:events:508:28)
    at parserOnIncoming (node:_http_server:1210:12)
    at HTTPParser.parserOnHeadersComplete (node:_http_common:125:17)

Node.js v24.14.0
